
################################################################################
#
# This file has been generated by SpyGlass:
#     Report Name      : moresimple
#     Report Created by: u105061114
#     Report Created on:  Wed Dec  4 23:15:31 2019
#     Working Directory: /home/u105/u105061114/ICLAB/HW5/PART1/hdl
#     SpyGlass Version : SpyGlass_vO-2018.09-SP2
#     Policy Name      : SpyGlass(SpyGlass_vO-2018.09-SP2)
#                        clock-reset(SpyGlass_vO-2018.09-SP2)
#                        erc(SpyGlass_vO-2018.09-SP2)
#                        latch(SpyGlass_vO-2018.09-SP2)
#                        lint(SpyGlass_vO-2018.09-SP2)
#                        morelint(SpyGlass_vO-2018.09-SP2)
#                        openmore(SpyGlass_vO-2018.09-SP2)
#                        power_est(SpyGlass_vO-2018.09-SP2)
#                        simulation(SpyGlass_vO-2018.09-SP2)
#                        starc(SpyGlass_vO-2018.09-SP2)
#                        starc2005(SpyGlass_vO-2018.09-SP2)
#                        timing(SpyGlass_vO-2018.09-SP2)
#                        txv(SpyGlass_vO-2018.09-SP2)
#
#     Total Number of Generated Messages :          7
#     Number of Waived Messages          :          0
#     Number of Reported Messages        :          7
#     Number of Overlimit Messages       :          0
#
#
################################################################################

+++++++++++++++++++++++++++++++++++++++++++++++++++++++++++++++++++++++
MORESIMPLE REPORT:


############### BuiltIn -> RuleGroup=Design Read ###############
+++++++++++++++++++++++++++++++++++++++++++++++++++++++++++++++++++++++++++++++++++++++
ID       Rule                    Alias                   Severity    File                                                                     Line    Wt    Message
======================================================================================
[1]      DetectTopDesignUnits    DetectTopDesignUnits    Info        Convnet_top.v                                                            1       2     Module Convnet_top is a top level design unit
[0]      ElabSummary             ElabSummary             Info        ./spyglass-1/lint/lint_rtl/spyglass_reports/SpyGlass/elab_summary.rpt    0       2     Please refer file './spyglass-1/lint/lint_rtl/spyglass_reports/SpyGlass/elab_summary.rpt' for elab summary report
+++++++++++++++++++++++++++++++++++++++++++++++++++++++++++++++++++++++++++++++++++++++


############### Non-BuiltIn -> Goal=lint/lint_rtl ###############
+++++++++++++++++++++++++++++++++++++++++++++++++++++++++++++++++++++++++++++++++++++++
ID       Rule    Alias    Severity    File                                                                      Line    Wt    Message
======================================================================================
[6]      W240             Warning     Convnet_top.v                                                             14      10    Input 'sram_rdata_a0[127:0]' declared but not read.[Hierarchy: ':Convnet_top']
[5]      W240             Warning     Convnet_top.v                                                             15      10    Input 'sram_rdata_a1[127:0]' declared but not read.[Hierarchy: ':Convnet_top']
[4]      W240             Warning     Convnet_top.v                                                             16      10    Input 'sram_rdata_a2[127:0]' declared but not read.[Hierarchy: ':Convnet_top']
[3]      W240             Warning     Convnet_top.v                                                             17      10    Input 'sram_rdata_a3[127:0]' declared but not read.[Hierarchy: ':Convnet_top']
[2]      W240             Info        ./spyglass-1/lint/lint_rtl/spyglass_reports/lint/SignalUsageReport.rpt    0       10    Please refer to 'SignalUsageReport.rpt' for details of violating bits
+++++++++++++++++++++++++++++++++++++++++++++++++++++++++++++++++++++++++++++++++++++++

################################################################################
#
# This file has been generated by SpyGlass:
#     Report Name      : moresimple
#     Report Created by: u105061114
#     Report Created on:  Wed Dec  4 23:15:44 2019
#     Working Directory: /home/u105/u105061114/ICLAB/HW5/PART1/hdl
#     SpyGlass Version : SpyGlass_vO-2018.09-SP2
#     Policy Name      : SpyGlass(SpyGlass_vO-2018.09-SP2)
#                        auto-verify(SpyGlass_vO-2018.09-SP2)
#                        erc(SpyGlass_vO-2018.09-SP2)
#                        latch(SpyGlass_vO-2018.09-SP2)
#                        lint(SpyGlass_vO-2018.09-SP2)
#                        morelint(SpyGlass_vO-2018.09-SP2)
#                        openmore(SpyGlass_vO-2018.09-SP2)
#                        simulation(SpyGlass_vO-2018.09-SP2)
#                        starc(SpyGlass_vO-2018.09-SP2)
#                        starc2005(SpyGlass_vO-2018.09-SP2)
#                        timing(SpyGlass_vO-2018.09-SP2)
#
#     Total Number of Generated Messages :          8
#     Number of Waived Messages          :          0
#     Number of Reported Messages        :          8
#     Number of Overlimit Messages       :          0
#
#
################################################################################

+++++++++++++++++++++++++++++++++++++++++++++++++++++++++++++++++++++++
MORESIMPLE REPORT:


############### BuiltIn -> RuleGroup=Command-line read ###############
+++++++++++++++++++++++++++++++++++++++++++++++++++++++++++++++++++++++++++++++++++++++
ID       Rule                     Alias          Severity    File    Line    Wt    Message
======================================================================================
[0]      checkCMD_unset_option    UnsetOption    Warning     N.A.    0       10    Option/Parameter 'enable_save_restore': Feature 'save-restore' is not supported with option 'policy=auto-verify'.Disabling all 'save-restore' related options
+++++++++++++++++++++++++++++++++++++++++++++++++++++++++++++++++++++++++++++++++++++++


############### BuiltIn -> RuleGroup=Design Read ###############
+++++++++++++++++++++++++++++++++++++++++++++++++++++++++++++++++++++++++++++++++++++++
ID       Rule                    Alias                   Severity    File                                                                           Line    Wt    Message
======================================================================================
[2]      DetectTopDesignUnits    DetectTopDesignUnits    Info        Convnet_top.v                                                                  1       2     Module Convnet_top is a top level design unit
[1]      ElabSummary             ElabSummary             Info        ./spyglass-1/lint/lint_turbo_rtl/spyglass_reports/SpyGlass/elab_summary.rpt    0       2     Please refer file './spyglass-1/lint/lint_turbo_rtl/spyglass_reports/SpyGlass/elab_summary.rpt' for elab summary report
+++++++++++++++++++++++++++++++++++++++++++++++++++++++++++++++++++++++++++++++++++++++


############### Non-BuiltIn -> Goal=lint/lint_turbo_rtl ###############
+++++++++++++++++++++++++++++++++++++++++++++++++++++++++++++++++++++++++++++++++++++++
ID       Rule    Alias    Severity    File                                                                            Line    Wt    Message
======================================================================================
[7]      W240             Warning     Convnet_top.v                                                                   14      10    Input 'sram_rdata_a0[127:0]' declared but not read.[Hierarchy: ':Convnet_top']
[6]      W240             Warning     Convnet_top.v                                                                   15      10    Input 'sram_rdata_a1[127:0]' declared but not read.[Hierarchy: ':Convnet_top']
[5]      W240             Warning     Convnet_top.v                                                                   16      10    Input 'sram_rdata_a2[127:0]' declared but not read.[Hierarchy: ':Convnet_top']
[4]      W240             Warning     Convnet_top.v                                                                   17      10    Input 'sram_rdata_a3[127:0]' declared but not read.[Hierarchy: ':Convnet_top']
[3]      W240             Info        ./spyglass-1/lint/lint_turbo_rtl/spyglass_reports/lint/SignalUsageReport.rpt    0       10    Please refer to 'SignalUsageReport.rpt' for details of violating bits
+++++++++++++++++++++++++++++++++++++++++++++++++++++++++++++++++++++++++++++++++++++++

################################################################################
#
# This file has been generated by SpyGlass:
#     Report Name      : moresimple
#     Report Created by: u105061114
#     Report Created on:  Wed Dec  4 23:15:53 2019
#     Working Directory: /home/u105/u105061114/ICLAB/HW5/PART1/hdl
#     SpyGlass Version : SpyGlass_vO-2018.09-SP2
#     Policy Name      : SpyGlass(SpyGlass_vO-2018.09-SP2)
#                        auto-verify(SpyGlass_vO-2018.09-SP2)
#
#     Total Number of Generated Messages :          2
#     Number of Waived Messages          :          0
#     Number of Reported Messages        :          2
#     Number of Overlimit Messages       :          0
#
#
################################################################################

+++++++++++++++++++++++++++++++++++++++++++++++++++++++++++++++++++++++
MORESIMPLE REPORT:
############### FATAL MESSAGES ############### 
+++++++++++++++++++++++++++++++++++++++++++++++++++++++++++++++++++++++++++++++++
ID       Rule            Alias    Severity    File    Line    Wt    Message
======================================================================================
[1]      Av_license01             FATAL       N.A.    0       2     'Functional Lint' not run due to unavailability of lint_func license feature
+++++++++++++++++++++++++++++++++++++++++++++++++++++++++++++++++++++++++++++++++++++++


############### BuiltIn -> RuleGroup=Command-line read ###############
+++++++++++++++++++++++++++++++++++++++++++++++++++++++++++++++++++++++++++++++++++++++
ID       Rule                     Alias          Severity    File    Line    Wt    Message
======================================================================================
[0]      checkCMD_unset_option    UnsetOption    Warning     N.A.    0       10    Option/Parameter 'enable_save_restore': Feature 'save-restore' is not supported with option 'policy=auto-verify'.Disabling all 'save-restore' related options
+++++++++++++++++++++++++++++++++++++++++++++++++++++++++++++++++++++++++++++++++++++++

################################################################################
#
# This file has been generated by SpyGlass:
#     Report Name      : moresimple
#     Report Created by: u105061114
#     Report Created on:  Wed Dec  4 23:15:58 2019
#     Working Directory: /home/u105/u105061114/ICLAB/HW5/PART1/hdl
#     SpyGlass Version : SpyGlass_vO-2018.09-SP2
#     Policy Name      : SpyGlass(SpyGlass_vO-2018.09-SP2)
#                        lint(SpyGlass_vO-2018.09-SP2)
#
#     Total Number of Generated Messages :          3
#     Number of Waived Messages          :          0
#     Number of Reported Messages        :          3
#     Number of Overlimit Messages       :          0
#
#
################################################################################

+++++++++++++++++++++++++++++++++++++++++++++++++++++++++++++++++++++++
MORESIMPLE REPORT:


############### BuiltIn -> RuleGroup=Design Read ###############
+++++++++++++++++++++++++++++++++++++++++++++++++++++++++++++++++++++++++++++++++++++++
ID       Rule                    Alias                   Severity    File                                                                          Line    Wt    Message
======================================================================================
[1]      DetectTopDesignUnits    DetectTopDesignUnits    Info        Convnet_top.v                                                                 1       2     Module Convnet_top is a top level design unit
[0]      ElabSummary             ElabSummary             Info        ./spyglass-1/lint/lint_abstract/spyglass_reports/SpyGlass/elab_summary.rpt    0       2     Please refer file './spyglass-1/lint/lint_abstract/spyglass_reports/SpyGlass/elab_summary.rpt' for elab summary report
+++++++++++++++++++++++++++++++++++++++++++++++++++++++++++++++++++++++++++++++++++++++


############### Non-BuiltIn -> Goal=lint/lint_abstract ###############
+++++++++++++++++++++++++++++++++++++++++++++++++++++++++++++++++++++++++++++++++++++++
ID       Rule               Alias    Severity    File                                                                                                                                  Line    Wt    Message
======================================================================================
[2]      LINT_abstract01             Info        ./spyglass-1/lint/lint_abstract/spyglass_reports/abstract_view/Convnet_top_ACT_PER_ADDR_4_BW_PER_ACT_8_CH_NUM_4_lint_abstract.sgdc    0       2     Abstract view for design 'Convnet_top' succesfully created
+++++++++++++++++++++++++++++++++++++++++++++++++++++++++++++++++++++++++++++++++++++++
